<?xml version="1.0" encoding="UTF-8"?>
<testsuite xmlns:xsi="http://www.w3.org/2001/XMLSchema-instance" xsi:noNamespaceSchemaLocation="https://maven.apache.org/surefire/maven-surefire-plugin/xsd/surefire-test-report-3.0.xsd" version="3.0" name="com.example.sdlc_test.SdlcTestApplicationTests" time="1.334" tests="1" errors="0" skipped="0" failures="0">
  <properties>
[...]
</properties>
  <testcase name="contextLoads" classname="com.example.sdlc_test.SdlcTestApplicationTests" time="0.581">
    <system-out><![CDATA[23:14:13.313 [main] INFO org.springframework.test.context.support.AnnotationConfigContextLoaderUtils -- Could not detect default configuration classes for test class [com.example.sdlc_test.SdlcTestApplicationTests]: SdlcTestApplicationTests does not declare any static, non-private, non-final, nested classes annotated with @Configuration.
23:14:13.368 [main] INFO org.springframework.boot.test.context.SpringBootTestContextBootstrapper -- Found @SpringBootConfiguration com.example.sdlc_test.SdlcTestApplication for test class com.example.sdlc_test.SdlcTestApplicationTests

  .   ____          _            __ _ _
 /\\ / ___'_ __ _ _(_)_ __  __ _ \ \ \ \
( ( )\___ | '_ | '_| | '_ \/ _` | \ \ \ \
 \\/  ___)| |_)| | | | | || (_| |  ) ) ) )
  '  |____| .__|_| |_|_| |_\__, | / / / /
 =========|_|==============|___/=/_/_/_/

 :: Spring Boot ::                (v3.3.4)

2024-09-23T23:14:13.611+05:30  INFO 29081 --- [sdlc-test] [           main] c.e.sdlc_test.SdlcTestApplicationTests   : Starting SdlcTestApplicationTests using Java 17.0.12 with PID 29081 (started by cyber in /home/cyber/Documents/practice/projects/sdlc-test)
2024-09-23T23:14:13.613+05:30  INFO 29081 --- [sdlc-test] [           main] c.e.sdlc_test.SdlcTestApplicationTests   : No active profile set, falling back to 1 default profile: "default"
2024-09-23T23:14:13.974+05:30  INFO 29081 --- [sdlc-test] [           main] c.e.sdlc_test.SdlcTestApplicationTests   : Started SdlcTestApplicationTests in 0.543 seconds (process running for 1.12)
 test one
]]></system-out>
  </testcase>
</testsuite>